Unity Editor version:    2020.3.36f1 (71f96b79b9f0)
Branch:                  master
Build type:              Release
Batch mode:              YES
macOS version:           Version 12.3.1 (Build 21E258)
Darwin version:          21.4.0
Architecture:            x86_64
Running under Rosetta:   NO
Available memory:        32768 MB
Using pre-set license
Pro License: NO

COMMAND LINE ARGUMENTS:
/Applications/Unity/Hub/Editor/2020.3.36f1/Unity.app/Contents/MacOS/Unity
-adb2
-batchMode
-noUpm
-name
AssetImportWorker0
-projectPath
/Users/xrdxco/Documents/Unity/Robopn/project/robopn
-logFile
Logs/AssetImportWorker0.log
-srvPort
55144
Successfully changed project path to: /Users/xrdxco/Documents/Unity/Robopn/project/robopn
/Users/xrdxco/Documents/Unity/Robopn/project/robopn
Using Asset Import Pipeline V2.
Refreshing native plugins compatible for Editor in 35.49 ms, found 3 plugins.
Preloading 0 native plugins for Editor in 0.00 ms.
Initialize engine version: 2020.3.36f1 (71f96b79b9f0)
[Subsystems] Discovering subsystems at path /Applications/Unity/Hub/Editor/2020.3.36f1/Unity.app/Contents/Resources/UnitySubsystems
[Subsystems] Discovering subsystems at path /Users/xrdxco/Documents/Unity/Robopn/project/robopn/Assets
GfxDevice: creating device client; threaded=0
2022-07-15 18:21:29.364 Unity[31438:490414] Color LCD preferred device: Intel(R) UHD Graphics 630 (low power)
2022-07-15 18:21:29.364 Unity[31438:490414] Metal devices available: 2
2022-07-15 18:21:29.364 Unity[31438:490414] 0: AMD Radeon Pro 5500M (high power)
2022-07-15 18:21:29.364 Unity[31438:490414] 1: Intel(R) UHD Graphics 630 (low power)
2022-07-15 18:21:29.364 Unity[31438:490414] Using device AMD Radeon Pro 5500M (high power)
Initializing Metal device caps: AMD Radeon Pro 5500M
Initialize mono
Mono path[0] = '/Applications/Unity/Hub/Editor/2020.3.36f1/Unity.app/Contents/Managed'
Mono path[1] = '/Applications/Unity/Hub/Editor/2020.3.36f1/Unity.app/Contents/MonoBleedingEdge/lib/mono/unityjit'
Mono config path = '/Applications/Unity/Hub/Editor/2020.3.36f1/Unity.app/Contents/MonoBleedingEdge/etc'
Using monoOptions --debugger-agent=transport=dt_socket,embedding=1,server=y,suspend=n,address=127.0.0.1:56438
Begin MonoManager ReloadAssembly
Registering precompiled unity dll's ...
Register platform support module: /Applications/Unity/Hub/Editor/2020.3.36f1/Unity.app/Contents/PlaybackEngines/MacStandaloneSupport/UnityEditor.OSXStandalone.Extensions.dll
Registered in 0.000309 seconds.
Native extension for OSXStandalone target not found
Refreshing native plugins compatible for Editor in 31.31 ms, found 3 plugins.
Preloading 0 native plugins for Editor in 0.00 ms.
Mono: successfully reloaded assembly
- Completed reload, in  0.582 seconds
Domain Reload Profiling:
	ReloadAssembly (582ms)
		BeginReloadAssembly (46ms)
			ExecutionOrderSort (0ms)
			DisableScriptedObjects (0ms)
			BackupInstance (0ms)
			ReleaseScriptingObjects (0ms)
			CreateAndSetChildDomain (1ms)
		EndReloadAssembly (464ms)
			LoadAssemblies (45ms)
			RebuildTransferFunctionScriptingTraits (0ms)
			SetupTypeCache (178ms)
			ReleaseScriptCaches (0ms)
			RebuildScriptCaches (37ms)
			SetupLoadedEditorAssemblies (162ms)
				LogAssemblyErrors (0ms)
				InitializePlatformSupportModulesInManaged (4ms)
				SetLoadedEditorAssemblies (0ms)
				RefreshPlugins (31ms)
				BeforeProcessingInitializeOnLoad (8ms)
				ProcessInitializeOnLoadAttributes (92ms)
				ProcessInitializeOnLoadMethodAttributes (27ms)
				AfterProcessingInitializeOnLoad (0ms)
				EditorAssembliesLoaded (0ms)
			ExecutionOrderSort2 (0ms)
			AwakeInstancesAfterBackupRestoration (0ms)
Platform modules already initialized, skipping
Registering precompiled user dll's ...
Registered in 0.001548 seconds.
Begin MonoManager ReloadAssembly
Native extension for OSXStandalone target not found
Refreshing native plugins compatible for Editor in 0.41 ms, found 3 plugins.
Preloading 0 native plugins for Editor in 0.00 ms.
Fallback handler could not load library /Applications/Unity/Hub/Editor/2020.3.36f1/Unity.app/Contents/Frameworks/Mono/lib/libAssets/ARDK/Plugins/unity_exports/ardk_client_platform/Plugins/MacOS/x86_64/ardk_client_platform.bundle/Contents/MacOS/ardk_client_platform
Fallback handler could not load library /Applications/Unity/Hub/Editor/2020.3.36f1/Unity.app/Contents/Frameworks/Mono/lib/libAssets/ARDK/Plugins/unity_exports/ardk_client_platform/Plugins/MacOS/x86_64/ardk_client_platform.bundle/Contents/MacOS/ardk_client_platform.dylib
Fallback handler could not load library /Applications/Unity/Hub/Editor/2020.3.36f1/Unity.app/Contents/Frameworks/Mono/lib/libAssets/ARDK/Plugins/unity_exports/ardk_client_platform/Plugins/MacOS/x86_64/ardk_client_platform.bundle/Contents/MacOS/ardk_client_platform.so
Fallback handler could not load library /Applications/Unity/Hub/Editor/2020.3.36f1/Unity.app/Contents/Frameworks/Mono/lib/libAssets/ARDK/Plugins/unity_exports/ardk_client_platform/Plugins/MacOS/x86_64/ardk_client_platform.bundle/Contents/MacOS/ardk_client_platform.bundle
#Niantic.ARDK.Internals.StartupSystems#: Could not load an ArdkAuthConfig, please add one in a Resources/ARDK/ directory. For more information, visit the niantic.dev/docs/authentication.html site.
UnityEngine.StackTraceUtility:ExtractStackTrace () (at /Users/bokken/buildslave/unity/build/Runtime/Export/Scripting/StackTrace.cs:37)
UnityEngine.DebugLogHandler:LogFormat (UnityEngine.LogType,UnityEngine.Object,string,object[])
UnityEngine.Logger:Log (UnityEngine.LogType,object)
UnityEngine.Debug:LogError (object)
Niantic.ARDK.Utilities.Logging.UnityARLogHandler:Error (string) (at Assets/ARDK/Utilities/Logging/LogHandler/UnityARLogHandler.cs:41)
Niantic.ARDK.Utilities.Logging.ARLog:_Error (string) (at Assets/ARDK/Utilities/Logging/ARLog.cs:198)
Niantic.ARDK.Internals.StartupSystems:SetAuthenticationParameters () (at Assets/ARDK/Internals/StartupSystems.cs:124)
Niantic.ARDK.Internals.StartupSystems:ManualStartup () (at Assets/ARDK/Internals/StartupSystems.cs:90)
Niantic.ARDK.Internals.StartupSystems:EditorStartup () (at Assets/ARDK/Internals/StartupSystems.cs:48)
System.Reflection.MonoMethod:Invoke (object,System.Reflection.BindingFlags,System.Reflection.Binder,object[],System.Globalization.CultureInfo)
System.Reflection.MethodBase:Invoke (object,object[])
UnityEditor.EditorAssemblies:ProcessInitializeOnLoadMethodAttributes () (at /Users/bokken/buildslave/unity/build/Editor/Mono/EditorAssemblies.cs:154)

(Filename: Assets/ARDK/Utilities/Logging/LogHandler/UnityARLogHandler.cs Line: 41)

#Niantic.ARDK.Internals.StartupSystems#: No API Key was found. Add it to an ArdkAuthConfig asset. For more information, visit the niantic.dev/docs/authentication.html site.
UnityEngine.StackTraceUtility:ExtractStackTrace () (at /Users/bokken/buildslave/unity/build/Runtime/Export/Scripting/StackTrace.cs:37)
UnityEngine.DebugLogHandler:LogFormat (UnityEngine.LogType,UnityEngine.Object,string,object[])
UnityEngine.Logger:Log (UnityEngine.LogType,object)
UnityEngine.Debug:LogError (object)
Niantic.ARDK.Utilities.Logging.UnityARLogHandler:Error (string) (at Assets/ARDK/Utilities/Logging/LogHandler/UnityARLogHandler.cs:41)
Niantic.ARDK.Utilities.Logging.ARLog:_Error (string) (at Assets/ARDK/Utilities/Logging/ARLog.cs:198)
Niantic.ARDK.Internals.StartupSystems:SetAuthenticationParameters () (at Assets/ARDK/Internals/StartupSystems.cs:155)
Niantic.ARDK.Internals.StartupSystems:ManualStartup () (at Assets/ARDK/Internals/StartupSystems.cs:90)
Niantic.ARDK.Internals.StartupSystems:EditorStartup () (at Assets/ARDK/Internals/StartupSystems.cs:48)
System.Reflection.MonoMethod:Invoke (object,System.Reflection.BindingFlags,System.Reflection.Binder,object[],System.Globalization.CultureInfo)
System.Reflection.MethodBase:Invoke (object,object[])
UnityEditor.EditorAssemblies:ProcessInitializeOnLoadMethodAttributes () (at /Users/bokken/buildslave/unity/build/Editor/Mono/EditorAssemblies.cs:154)

(Filename: Assets/ARDK/Utilities/Logging/LogHandler/UnityARLogHandler.cs Line: 41)

Mono: successfully reloaded assembly
- Completed reload, in  1.102 seconds
Domain Reload Profiling:
	ReloadAssembly (1102ms)
		BeginReloadAssembly (146ms)
			ExecutionOrderSort (0ms)
			DisableScriptedObjects (5ms)
			BackupInstance (0ms)
			ReleaseScriptingObjects (0ms)
			CreateAndSetChildDomain (26ms)
		EndReloadAssembly (897ms)
			LoadAssemblies (75ms)
			RebuildTransferFunctionScriptingTraits (0ms)
			SetupTypeCache (334ms)
			ReleaseScriptCaches (0ms)
			RebuildScriptCaches (53ms)
			SetupLoadedEditorAssemblies (338ms)
				LogAssemblyErrors (0ms)
				InitializePlatformSupportModulesInManaged (4ms)
				SetLoadedEditorAssemblies (0ms)
				RefreshPlugins (0ms)
				BeforeProcessingInitializeOnLoad (49ms)
				ProcessInitializeOnLoadAttributes (210ms)
				ProcessInitializeOnLoadMethodAttributes (73ms)
				AfterProcessingInitializeOnLoad (1ms)
				EditorAssembliesLoaded (0ms)
			ExecutionOrderSort2 (0ms)
			AwakeInstancesAfterBackupRestoration (2ms)
Platform modules already initialized, skipping
Validating Project structure ... 0.007830 seconds.
Shader import version has changed; will reimport all shaders...
Upgrading shader files ...0.013286 seconds.
Application.AssetDatabase Initial Script Refresh Start
RefreshInfo: InitialScriptRefreshV2(NoUpdateAssetOptions) scanfilter:  ... 1 filters
RefreshProfiler: Total: 0.000ms
Application.AssetDatabase Initial Script Refresh End
Application.AssetDatabase.Refresh Start
Application.AssetDatabase.Refresh End
RefreshInfo: StopAssetImportingV2(ForceSynchronousImport) scanfilter: 
RefreshProfiler: Total: 0.000ms
Launching external process: /Applications/Unity/Hub/Editor/2020.3.36f1/Unity.app/Contents/Tools/UnityShaderCompiler
Launched and connected shader compiler UnityShaderCompiler after 0.01 seconds
Initializing Unity extensions:
2022-07-15 18:21:31.638 Unity[31438:490414] NSEventModifierFlagFunction specified to -setKeyEquivalentModifierMask: for item <NSMenuItem: 0x7fce8f90a380 Font Asset, ke='Command-F12'>, but is only supported for system-provided menu items; will not be used
2022-07-15 18:21:31.641 Unity[31438:490414] NSEventModifierFlagFunction specified to -setKeyEquivalentModifierMask: for item <NSMenuItem: 0x7fce8f9571a0 Font Asset, ke='Command-F12'>, but is only supported for system-provided menu items; will not be used
========================================================================
Worker process is ready to serve import requests
Refreshing native plugins compatible for Editor in 0.28 ms, found 3 plugins.
Preloading 0 native plugins for Editor in 0.00 ms.
Unloading 2121 Unused Serialized files (Serialized files now loaded: 0)
System memory in use before: 207.1 MB.
System memory in use after: 206.2 MB.

Unloading 141 unused Assets to reduce memory usage. Loaded Objects now: 2574.
Total: 4.866865 ms (FindLiveObjects: 0.321511 ms CreateObjectMapping: 0.179405 ms MarkObjects: 3.560778 ms  DeleteObjects: 0.803841 ms)

Unloading 0 Unused Serialized files (Serialized files now loaded: 0)
System memory in use before: 206.0 MB.
System memory in use after: 206.1 MB.

Unloading 0 unused Assets to reduce memory usage. Loaded Objects now: 2574.
Total: 2.499203 ms (FindLiveObjects: 0.117671 ms CreateObjectMapping: 0.070943 ms MarkObjects: 2.303737 ms  DeleteObjects: 0.006268 ms)

AssetImportParameters requested are different than current active one (requested -> active):
  custom:video-decoder-ogg-theora: a1e56fd34408186e4bbccfd4996cb3dc -> 
  custom:container-muxer-webm: aa71ff27fc2769a1b78a27578f13a17b -> 
  custom:container-demuxer-webm: 4f35f7cbe854078d1ac9338744f61a02 -> 
  custom:container-demuxer-ogg: 62fdf1f143b41e24485cea50d1cbac27 -> 
  custom:video-encoder-webm-vp8: eb34c28f22e8b96e1ab97ce403110664 -> 
  custom:framework-osx-AVFoundation: e770b220cccbd017edd2c1fefb359320 -> 
  custom:video-decoder-webm-vp8: 9c59270c3fd7afecdb556c50c9e8de78 -> 
  custom:audio-decoder-ogg-vorbis: bf7c407c2cedff20999df2af8eb42d56 -> 
  custom:audio-encoder-webm-vorbis: bf7c407c2cedff20999df2af8eb42d56 -> 
========================================================================
Received Import Request.
  path: Assets/ARDK
  artifactKey: Guid(d1d8b692fcb9a4b3aaa54c59d88d8e86) Importer(815301076,1909f56bfc062723c751e8b465ee728b)
Start importing Assets/ARDK using Guid(d1d8b692fcb9a4b3aaa54c59d88d8e86) Importer(815301076,1909f56bfc062723c751e8b465ee728b)  -> (artifact id: '2df2a6e653470868fe7ef0bee271fd79') in 0.003420 seconds 
========================================================================
Received Import Request.
  Time since last request: 0.000159 seconds.
  path: Assets/ARDK/ARDK.asmdef
  artifactKey: Guid(f3cc28278c88a4b43ae1ec99ea44ed56) Importer(815301076,1909f56bfc062723c751e8b465ee728b)
Start importing Assets/ARDK/ARDK.asmdef using Guid(f3cc28278c88a4b43ae1ec99ea44ed56) Importer(815301076,1909f56bfc062723c751e8b465ee728b)  -> (artifact id: '6536ca0400c9f50867916f3bedbe9374') in 0.092844 seconds 
========================================================================
Received Import Request.
  Time since last request: 3.982555 seconds.
  path: Assets/Scenes
  artifactKey: Guid(e5f348c36f97d49b08168d03e1df3570) Importer(815301076,1909f56bfc062723c751e8b465ee728b)
Start importing Assets/Scenes using Guid(e5f348c36f97d49b08168d03e1df3570) Importer(815301076,1909f56bfc062723c751e8b465ee728b)  -> (artifact id: '1a8f81f5178abe30dd5653447a364d34') in 0.001079 seconds 
========================================================================
Received Import Request.
  Time since last request: 10.223978 seconds.
  path: Assets/Resources
  artifactKey: Guid(5557d55a9eed74e1e8d4567ab1a435c4) Importer(815301076,1909f56bfc062723c751e8b465ee728b)
Start importing Assets/Resources using Guid(5557d55a9eed74e1e8d4567ab1a435c4) Importer(815301076,1909f56bfc062723c751e8b465ee728b)  -> (artifact id: '12b882de82fb54ecb449cb77a757846b') in 0.001267 seconds 
========================================================================
Received Import Request.
  Time since last request: 8.654088 seconds.
  path: Assets/Resources/ARDK
  artifactKey: Guid(7cf42897a43124811a6b906931bac438) Importer(815301076,1909f56bfc062723c751e8b465ee728b)
Start importing Assets/Resources/ARDK using Guid(7cf42897a43124811a6b906931bac438) Importer(815301076,1909f56bfc062723c751e8b465ee728b)  -> (artifact id: 'b97168358792a3be8e739709f01c4af7') in 0.001447 seconds 
========================================================================
Received Import Request.
  Time since last request: 6.872449 seconds.
  path: Assets/Resources/ARDK/ArdkAuthConfig.asset
  artifactKey: Guid(aa75de088f4f545e0aa5743aee947f2a) Importer(815301076,1909f56bfc062723c751e8b465ee728b)
Start importing Assets/Resources/ARDK/ArdkAuthConfig.asset using Guid(aa75de088f4f545e0aa5743aee947f2a) Importer(815301076,1909f56bfc062723c751e8b465ee728b)  -> (artifact id: '817189399e77cd167bc37d0829e6e06e') in 0.078769 seconds 
========================================================================
Received Prepare
Registering precompiled user dll's ...
Registered in 0.001970 seconds.
Begin MonoManager ReloadAssembly
[18:22:29.003142 +09:00] [---I---] [actor.cpp] [thread 490495] Actor already shutdown.
[18:22:29.003467 +09:00] [---I---] [actor.cpp] [thread 490495] Actor already shutdown.
Native extension for OSXStandalone target not found
Refreshing native plugins compatible for Editor in 0.43 ms, found 3 plugins.
Preloading 0 native plugins for Editor in 0.00 ms.
2022-07-15 18:22:29.827 Unity[31438:490414] NSEventModifierFlagFunction specified to -setKeyEquivalentModifierMask: for item <NSMenuItem: 0x7fcebf9f3e80 Font Asset, ke='Command-F12'>, but is only supported for system-provided menu items; will not be used
#Niantic.ARDK.Internals.StartupSystems#: Could not load an ArdkAuthConfig, please add one in a Resources/ARDK/ directory. For more information, visit the niantic.dev/docs/authentication.html site.
UnityEngine.StackTraceUtility:ExtractStackTrace () (at /Users/bokken/buildslave/unity/build/Runtime/Export/Scripting/StackTrace.cs:37)
UnityEngine.DebugLogHandler:LogFormat (UnityEngine.LogType,UnityEngine.Object,string,object[])
UnityEngine.Logger:Log (UnityEngine.LogType,object)
UnityEngine.Debug:LogError (object)
Niantic.ARDK.Utilities.Logging.UnityARLogHandler:Error (string) (at Assets/ARDK/Utilities/Logging/LogHandler/UnityARLogHandler.cs:41)
Niantic.ARDK.Utilities.Logging.ARLog:_Error (string) (at Assets/ARDK/Utilities/Logging/ARLog.cs:198)
Niantic.ARDK.Internals.StartupSystems:SetAuthenticationParameters () (at Assets/ARDK/Internals/StartupSystems.cs:124)
Niantic.ARDK.Internals.StartupSystems:ManualStartup () (at Assets/ARDK/Internals/StartupSystems.cs:90)
Niantic.ARDK.Internals.StartupSystems:EditorStartup () (at Assets/ARDK/Internals/StartupSystems.cs:48)
System.Reflection.MonoMethod:Invoke (object,System.Reflection.BindingFlags,System.Reflection.Binder,object[],System.Globalization.CultureInfo)
System.Reflection.MethodBase:Invoke (object,object[])
UnityEditor.EditorAssemblies:ProcessInitializeOnLoadMethodAttributes () (at /Users/bokken/buildslave/unity/build/Editor/Mono/EditorAssemblies.cs:154)

(Filename: Assets/ARDK/Utilities/Logging/LogHandler/UnityARLogHandler.cs Line: 41)

#Niantic.ARDK.Internals.StartupSystems#: No API Key was found. Add it to an ArdkAuthConfig asset. For more information, visit the niantic.dev/docs/authentication.html site.
UnityEngine.StackTraceUtility:ExtractStackTrace () (at /Users/bokken/buildslave/unity/build/Runtime/Export/Scripting/StackTrace.cs:37)
UnityEngine.DebugLogHandler:LogFormat (UnityEngine.LogType,UnityEngine.Object,string,object[])
UnityEngine.Logger:Log (UnityEngine.LogType,object)
UnityEngine.Debug:LogError (object)
Niantic.ARDK.Utilities.Logging.UnityARLogHandler:Error (string) (at Assets/ARDK/Utilities/Logging/LogHandler/UnityARLogHandler.cs:41)
Niantic.ARDK.Utilities.Logging.ARLog:_Error (string) (at Assets/ARDK/Utilities/Logging/ARLog.cs:198)
Niantic.ARDK.Internals.StartupSystems:SetAuthenticationParameters () (at Assets/ARDK/Internals/StartupSystems.cs:155)
Niantic.ARDK.Internals.StartupSystems:ManualStartup () (at Assets/ARDK/Internals/StartupSystems.cs:90)
Niantic.ARDK.Internals.StartupSystems:EditorStartup () (at Assets/ARDK/Internals/StartupSystems.cs:48)
System.Reflection.MonoMethod:Invoke (object,System.Reflection.BindingFlags,System.Reflection.Binder,object[],System.Globalization.CultureInfo)
System.Reflection.MethodBase:Invoke (object,object[])
UnityEditor.EditorAssemblies:ProcessInitializeOnLoadMethodAttributes () (at /Users/bokken/buildslave/unity/build/Editor/Mono/EditorAssemblies.cs:154)

(Filename: Assets/ARDK/Utilities/Logging/LogHandler/UnityARLogHandler.cs Line: 41)

Mono: successfully reloaded assembly
- Completed reload, in  1.120 seconds
Domain Reload Profiling:
	ReloadAssembly (1120ms)
		BeginReloadAssembly (129ms)
			ExecutionOrderSort (0ms)
			DisableScriptedObjects (5ms)
			BackupInstance (0ms)
			ReleaseScriptingObjects (0ms)
			CreateAndSetChildDomain (65ms)
		EndReloadAssembly (925ms)
			LoadAssemblies (70ms)
			RebuildTransferFunctionScriptingTraits (0ms)
			SetupTypeCache (361ms)
			ReleaseScriptCaches (1ms)
			RebuildScriptCaches (53ms)
			SetupLoadedEditorAssemblies (325ms)
				LogAssemblyErrors (0ms)
				InitializePlatformSupportModulesInManaged (4ms)
				SetLoadedEditorAssemblies (1ms)
				RefreshPlugins (0ms)
				BeforeProcessingInitializeOnLoad (83ms)
				ProcessInitializeOnLoadAttributes (190ms)
				ProcessInitializeOnLoadMethodAttributes (46ms)
				AfterProcessingInitializeOnLoad (1ms)
				EditorAssembliesLoaded (0ms)
			ExecutionOrderSort2 (0ms)
			AwakeInstancesAfterBackupRestoration (2ms)
Platform modules already initialized, skipping
Refreshing native plugins compatible for Editor in 0.51 ms, found 3 plugins.
Preloading 0 native plugins for Editor in 0.00 ms.
Unloading 2100 Unused Serialized files (Serialized files now loaded: 0)
System memory in use before: 211.7 MB.
System memory in use after: 211.8 MB.

Unloading 35 unused Assets to reduce memory usage. Loaded Objects now: 2575.
Total: 3.205691 ms (FindLiveObjects: 0.156514 ms CreateObjectMapping: 0.092697 ms MarkObjects: 2.858998 ms  DeleteObjects: 0.096510 ms)

Unloading 0 Unused Serialized files (Serialized files now loaded: 0)
System memory in use before: 211.6 MB.
System memory in use after: 211.7 MB.

Unloading 0 unused Assets to reduce memory usage. Loaded Objects now: 2575.
Total: 2.686651 ms (FindLiveObjects: 0.127812 ms CreateObjectMapping: 0.063092 ms MarkObjects: 2.486813 ms  DeleteObjects: 0.008435 ms)

AssetImportParameters requested are different than current active one (requested -> active):
  custom:video-decoder-ogg-theora: a1e56fd34408186e4bbccfd4996cb3dc -> 
  custom:container-muxer-webm: aa71ff27fc2769a1b78a27578f13a17b -> 
  custom:container-demuxer-webm: 4f35f7cbe854078d1ac9338744f61a02 -> 
  custom:container-demuxer-ogg: 62fdf1f143b41e24485cea50d1cbac27 -> 
  custom:video-encoder-webm-vp8: eb34c28f22e8b96e1ab97ce403110664 -> 
  custom:framework-osx-AVFoundation: e770b220cccbd017edd2c1fefb359320 -> 
  custom:video-decoder-webm-vp8: 9c59270c3fd7afecdb556c50c9e8de78 -> 
  custom:audio-decoder-ogg-vorbis: bf7c407c2cedff20999df2af8eb42d56 -> 
  custom:audio-encoder-webm-vorbis: bf7c407c2cedff20999df2af8eb42d56 -> 
